Start testing: Jan 26 17:37 GMT
----------------------------------------------------------
1/1 Testing: test_all
1/1 Test: test_all
Command: "/mnt/c/repo/fun_small_projects/task_runner/build/debug/tst/unit_tests" "COMMAND" "unit_tests"
Directory: /mnt/c/repo/fun_small_projects/task_runner/build/debug/tst
"test_all" start time: Jan 26 17:37 GMT
Output:
----------------------------------------------------------
Running main() from /mnt/c/repo/fun_small_projects/task_runner/lib/googletest/googletest/src/gtest_main.cc
[==========] Running 10 tests from 1 test suite.
[----------] Global test environment set-up.
[----------] 10 tests from TaskRunnerTest
[ RUN      ] TaskRunnerTest.TaskRunning
Cannot stop a task that is not running or paused
task completed
[       OK ] TaskRunnerTest.TaskRunning (0 ms)
[ RUN      ] TaskRunnerTest.TaskPaused
Cannot stop a task that is not running or paused
task completed
[       OK ] TaskRunnerTest.TaskPaused (0 ms)
[ RUN      ] TaskRunnerTest.TaskResumed
Cannot stop a task that is not running or paused
task completed
[       OK ] TaskRunnerTest.TaskResumed (0 ms)
[ RUN      ] TaskRunnerTest.TaskStopped
Cannot stop a task that is not running or paused
Cannot stop a task that is not running or paused
task completed
[       OK ] TaskRunnerTest.TaskStopped (0 ms)
[ RUN      ] TaskRunnerTest.TaskStoppedWhenPaused
Cannot stop a task that is not running or paused
Cannot stop a task that is not running or paused
task completed
[       OK ] TaskRunnerTest.TaskStoppedWhenPaused (0 ms)
[ RUN      ] TaskRunnerTest.TaskStoppedWhenResumed
Cannot stop a task that is not running or paused
Cannot stop a task that is not running or paused
task completed
[       OK ] TaskRunnerTest.TaskStoppedWhenResumed (0 ms)
[ RUN      ] TaskRunnerTest.TaskPausedWhenStopped
Cannot pause a task that is not running 
Cannot stop a task that is not running or paused
Cannot stop a task that is not running or paused
task completed
[       OK ] TaskRunnerTest.TaskPausedWhenStopped (0 ms)
[ RUN      ] TaskRunnerTest.TaskPausedTwice
Cannot pause a task that is not running 
Cannot stop a task that is not running or paused
task completed
[       OK ] TaskRunnerTest.TaskPausedTwice (0 ms)
[ RUN      ] TaskRunnerTest.TaskStoppedTwice
Cannot stop a task that is not running or paused
Cannot stop a task that is not running or paused
Cannot stop a task that is not running or paused
task completed
[       OK ] TaskRunnerTest.TaskStoppedTwice (0 ms)
[ RUN      ] TaskRunnerTest.TaskResumedTwice
Cannot resume a task that is not paused 
Cannot stop a task that is not running or paused
task completed
[       OK ] TaskRunnerTest.TaskResumedTwice (0 ms)
[----------] 10 tests from TaskRunnerTest (3 ms total)

[----------] Global test environment tear-down
[==========] 10 tests from 1 test suite ran. (3 ms total)
[  PASSED  ] 10 tests.
<end of output>
Test time =   0.08 sec
----------------------------------------------------------
Test Passed.
"test_all" end time: Jan 26 17:37 GMT
"test_all" time elapsed: 00:00:00
----------------------------------------------------------

End testing: Jan 26 17:37 GMT
